<?xml version="1.0" encoding="UTF-8"?>
<!-- Generated by org.testng.reporters.JUnitReportReporter -->
<testsuite hostname="LAPTOP-82CK6TL0" failures="0" tests="1" name="test.InitialPagetest" time="76.058" errors="0" timestamp="2024-03-31T08:57:45 IST" skipped="0">
  <testcase classname="test.InitialPagetest" name="cmlogintest" time="76.058"/>
  <system-out/>
</testsuite> <!-- test.InitialPagetest -->
